# JRE version: OpenJDK Runtime Environment (17.0.1+12) (build 17.0.1+12-39)
# Java VM: OpenJDK 64-Bit Server VM (17.0.1+12-39, mixed mode, sharing, tiered, compressed oops, compressed class ptrs, g1 gc, windows-amd64)
GC Precious Log:
 CPUs: 4 total, 4 available
 Memory: 3865M
 Large Page Support: Disabled
 NUMA Support: Disabled
 Compressed Oops: Enabled (32-bit)
 Heap Region Size: 1M
 Heap Min Capacity: 8M
 Heap Initial Capacity: 62M
 Heap Max Capacity: 968M
 Pre-touch: Disabled
 Parallel Workers: 4
 Concurrent Workers: 1
 Concurrent Refinement Workers: 4
 Periodic GC: Disabled
Heap:
 garbage-first heap   total 48128K, used 14347K [0x00000000c3800000, 0x0000000100000000)
  region size 1024K, 6 young (6144K), 3 survivors (3072K)
 Metaspace       used 21715K, committed 22016K, reserved 1073152K
  class space    used 2742K, committed 2880K, reserved 1048576K
GC Heap History (16 events):
Event: 3.841 GC heap before
{Heap before GC invocations=0 (full 0):
 garbage-first heap   total 63488K, used 13312K [0x00000000c3800000, 0x0000000100000000)
  region size 1024K, 13 young (13312K), 0 survivors (0K)
 Metaspace       used 2683K, committed 2880K, reserved 1056768K
  class space    used 255K, committed 384K, reserved 1048576K
}
Event: 3.855 GC heap after
{Heap after GC invocations=1 (full 0):
 garbage-first heap   total 63488K, used 5834K [0x00000000c3800000, 0x0000000100000000)
  region size 1024K, 2 young (2048K), 2 survivors (2048K)
 Metaspace       used 2683K, committed 2880K, reserved 1056768K
  class space    used 255K, committed 384K, reserved 1048576K
}
Event: 4.571 GC heap before
{Heap before GC invocations=1 (full 0):
 garbage-first heap   total 63488K, used 14026K [0x00000000c3800000, 0x0000000100000000)
  region size 1024K, 11 young (11264K), 2 survivors (2048K)
 Metaspace       used 4396K, committed 4608K, reserved 1056768K
  class space    used 472K, committed 576K, reserved 1048576K
}
Event: 4.586 GC heap after
{Heap after GC invocations=2 (full 0):
 garbage-first heap   total 63488K, used 6471K [0x00000000c3800000, 0x0000000100000000)
  region size 1024K, 1 young (1024K), 1 survivors (1024K)
 Metaspace       used 4396K, committed 4608K, reserved 1056768K
  class space    used 472K, committed 576K, reserved 1048576K
}
Event: 4.616 GC heap before
{Heap before GC invocations=2 (full 0):
 garbage-first heap   total 63488K, used 26951K [0x00000000c3800000, 0x0000000100000000)
  region size 1024K, 22 young (22528K), 1 survivors (1024K)
 Metaspace       used 4396K, committed 4608K, reserved 1056768K
  class space    used 472K, committed 576K, reserved 1048576K
}
Event: 4.619 GC heap after
{Heap after GC invocations=3 (full 0):
 garbage-first heap   total 63488K, used 6425K [0x00000000c3800000, 0x0000000100000000)
  region size 1024K, 1 young (1024K), 1 survivors (1024K)
 Metaspace       used 4396K, committed 4608K, reserved 1056768K
  class space    used 472K, committed 576K, reserved 1048576K
}
Event: 8.630 GC heap before
{Heap before GC invocations=3 (full 0):
 garbage-first heap   total 63488K, used 42265K [0x00000000c3800000, 0x0000000100000000)
  region size 1024K, 37 young (37888K), 1 survivors (1024K)
 Metaspace       used 9629K, committed 9792K, reserved 1064960K
  class space    used 1194K, committed 1280K, reserved 1048576K
}
Event: 8.650 GC heap after
{Heap after GC invocations=4 (full 0):
 garbage-first heap   total 63488K, used 7905K [0x00000000c3800000, 0x0000000100000000)
  region size 1024K, 2 young (2048K), 2 survivors (2048K)
 Metaspace       used 9629K, committed 9792K, reserved 1064960K
  class space    used 1194K, committed 1280K, reserved 1048576K
}
Event: 10.037 GC heap before
{Heap before GC invocations=4 (full 0):
 garbage-first heap   total 63488K, used 42721K [0x00000000c3800000, 0x0000000100000000)
  region size 1024K, 37 young (37888K), 2 survivors (2048K)
 Metaspace       used 15283K, committed 15488K, reserved 1064960K
  class space    used 1883K, committed 1984K, reserved 1048576K
}
Event: 10.044 GC heap after
{Heap after GC invocations=5 (full 0):
 garbage-first heap   total 63488K, used 9315K [0x00000000c3800000, 0x0000000100000000)
  region size 1024K, 4 young (4096K), 4 survivors (4096K)
 Metaspace       used 15283K, committed 15488K, reserved 1064960K
  class space    used 1883K, committed 1984K, reserved 1048576K
}
Event: 10.882 GC heap before
{Heap before GC invocations=5 (full 0):
 garbage-first heap   total 63488K, used 42083K [0x00000000c3800000, 0x0000000100000000)
  region size 1024K, 37 young (37888K), 4 survivors (4096K)
 Metaspace       used 16434K, committed 16640K, reserved 1064960K
  class space    used 1999K, committed 2048K, reserved 1048576K
}
Event: 10.890 GC heap after
{Heap after GC invocations=6 (full 0):
 garbage-first heap   total 63488K, used 10176K [0x00000000c3800000, 0x0000000100000000)
  region size 1024K, 3 young (3072K), 3 survivors (3072K)
 Metaspace       used 16434K, committed 16640K, reserved 1064960K
  class space    used 1999K, committed 2048K, reserved 1048576K
}
Event: 13.629 GC heap before
{Heap before GC invocations=6 (full 0):
 garbage-first heap   total 63488K, used 43968K [0x00000000c3800000, 0x0000000100000000)
  region size 1024K, 37 young (37888K), 3 survivors (3072K)
 Metaspace       used 21215K, committed 21504K, reserved 1073152K
  class space    used 2647K, committed 2816K, reserved 1048576K
}
Event: 13.638 GC heap after
{Heap after GC invocations=7 (full 0):
 garbage-first heap   total 63488K, used 12269K [0x00000000c3800000, 0x0000000100000000)
  region size 1024K, 5 young (5120K), 5 survivors (5120K)
 Metaspace       used 21215K, committed 21504K, reserved 1073152K
  class space    used 2647K, committed 2816K, reserved 1048576K
}
Event: 13.657 GC heap before
{Heap before GC invocations=7 (full 0):
 garbage-first heap   total 63488K, used 12269K [0x00000000c3800000, 0x0000000100000000)
  region size 1024K, 6 young (6144K), 5 survivors (5120K)
 Metaspace       used 21240K, committed 21504K, reserved 1073152K
  class space    used 2650K, committed 2816K, reserved 1048576K
}
Event: 13.720 GC heap after
{Heap after GC invocations=8 (full 0):
 garbage-first heap   total 63488K, used 12299K [0x00000000c3800000, 0x0000000100000000)
  region size 1024K, 3 young (3072K), 3 survivors (3072K)
 Metaspace       used 21240K, committed 21504K, reserved 1073152K
  class space    used 2650K, committed 2816K, reserved 1048576K
}

